#
# There is insufficient memory for the Java Runtime Environment to continue.
# Native memory allocation (malloc) failed to allocate 262160 bytes for Chunk::new
# Possible reasons:
#   The system is out of physical RAM or swap space
#   In 32 bit mode, the process size limit was hit
# Possible solutions:
#   Reduce memory load on the system
#   Increase physical memory or swap space
#   Check if swap backing store is full
#   Use 64 bit Java on a 64 bit OS
#   Decrease Java heap size (-Xmx/-Xms)
#   Decrease number of Java threads
#   Decrease Java thread stack sizes (-Xss)
#   Set larger code cache with -XX:ReservedCodeCacheSize=
# This output file may be truncated or incomplete.
#
#  Out of Memory Error (allocation.cpp:390), pid=7808, tid=5592
#
# JRE version: Java(TM) SE Runtime Environment (8.0_65-b17) (build 1.8.0_65-b17)
# Java VM: Java HotSpot(TM) 64-Bit Server VM (25.65-b01 mixed mode windows-amd64 compressed oops)
# Failed to write core dump. Minidumps are not enabled by default on client versions of Windows
#

---------------  T H R E A D  ---------------

Current thread (0x0000000014939000):  JavaThread "C2 CompilerThread0" daemon [_thread_in_native, id=5592, stack(0x0000000015eb0000,0x0000000015fb0000)]

Stack: [0x0000000015eb0000,0x0000000015fb0000]
[error occurred during error reporting (printing stack bounds), id 0xc0000005]

Native frames: (J=compiled Java code, j=interpreted, Vv=VM code, C=native code)


Current CompileTask:
C2:  12477 1536   !   4       com.android.dx.cf.code.Ropper::processBlock (1101 bytes)


---------------  P R O C E S S  ---------------

Java Threads: ( => current thread )
  0x00000000169d3000 JavaThread "pool-1-thread-4" [_thread_in_Java, id=5768, stack(0x00000000173b0000,0x00000000174b0000)]
  0x00000000169d2000 JavaThread "pool-1-thread-3" [_thread_in_Java, id=5924, stack(0x00000000172b0000,0x00000000173b0000)]
  0x00000000169d1000 JavaThread "pool-1-thread-2" [_thread_in_Java, id=3532, stack(0x00000000171b0000,0x00000000172b0000)]
  0x0000000016920800 JavaThread "pool-2-thread-1" [_thread_blocked, id=6980, stack(0x00000000170b0000,0x00000000171b0000)]
  0x000000001689c000 JavaThread "pool-1-thread-1" [_thread_in_vm, id=8456, stack(0x0000000016fb0000,0x00000000170b0000)]
  0x000000001600c800 JavaThread "Service Thread" daemon [_thread_blocked, id=3344, stack(0x00000000165b0000,0x00000000166b0000)]
  0x0000000016007800 JavaThread "C1 CompilerThread2" daemon [_thread_blocked, id=96, stack(0x00000000164b0000,0x00000000165b0000)]
  0x0000000016003800 JavaThread "C2 CompilerThread1" daemon [_thread_in_native, id=6812, stack(0x00000000163b0000,0x00000000164b0000)]
=>0x0000000014939000 JavaThread "C2 CompilerThread0" daemon [_thread_in_native, id=5592, stack(0x0000000015eb0000,0x0000000015fb0000)]
  0x0000000014937000 JavaThread "Attach Listener" daemon [_thread_blocked, id=8244, stack(0x0000000015db0000,0x0000000015eb0000)]
  0x00000000148ec800 JavaThread "Signal Dispatcher" daemon [_thread_blocked, id=4420, stack(0x0000000015cb0000,0x0000000015db0000)]
  0x0000000002206000 JavaThread "Finalizer" daemon [_thread_blocked, id=8824, stack(0x0000000015b30000,0x0000000015c30000)]
  0x00000000021fd000 JavaThread "Reference Handler" daemon [_thread_blocked, id=6868, stack(0x0000000015a30000,0x0000000015b30000)]
  0x0000000001cbd800 JavaThread "main" [_thread_blocked, id=5220, stack(0x0000000001cc0000,0x0000000001dc0000)]

Other Threads:
  0x00000000148a8000 VMThread [stack: 0x0000000015930000,0x0000000015a30000] [id=2944]
  0x000000001607b000 WatcherThread [stack: 0x00000000166b0000,0x00000000167b0000] [id=8880]

VM state:not at safepoint (normal execution)

VM Mutex/Monitor currently owned by a thread: None

Heap:
 PSYoungGen      total 35328K, used 17921K [0x00000000eab00000, 0x00000000ef000000, 0x0000000100000000)
  eden space 32768K, 46% used [0x00000000eab00000,0x00000000eba060f8,0x00000000ecb00000)
  from space 2560K, 99% used [0x00000000ecb00000,0x00000000ecd7a630,0x00000000ecd80000)
  to   space 2560K, 0% used [0x00000000eed80000,0x00000000eed80000,0x00000000ef000000)
 ParOldGen       total 44032K, used 7242K [0x00000000c0000000, 0x00000000c2b00000, 0x00000000eab00000)
  object space 44032K, 16% used [0x00000000c0000000,0x00000000c0712820,0x00000000c2b00000)
 Metaspace       used 6280K, capacity 7094K, committed 7296K, reserved 1056768K
  class space    used 602K, capacity 622K, committed 640K, reserved 1048576K

Card table byte_map: [0x00000000115d0000,0x00000000117e0000] byte_map_base: 0x0000000010fd0000

Marking Bits: (ParMarkBitMap*) 0x000000006d9ca5b0
 Begin Bits: [0x0000000011d40000, 0x0000000012d40000)
 End Bits:   [0x0000000012d40000, 0x0000000013d40000)

Polling page: 0x0000000001dc0000

CodeCache: size=245760Kb used=7228Kb max_used=7228Kb free=238531Kb
 bounds [0x0000000002210000, 0x0000000002930000, 0x0000000011210000]
 total_blobs=1896 nmethods=1624 adapters=184
 compilation: enabled

Compilation events (10 events):
Event: 12.435 Thread 0x0000000016007800 1638       3       java.util.concurrent.AbstractExecutorService::submit (25 bytes)
Event: 12.436 Thread 0x0000000016007800 nmethod 1638 0x000000000290d6d0 code [0x000000000290d880, 0x000000000290de88]
Event: 12.436 Thread 0x0000000016007800 1639       3       java.util.concurrent.ThreadPoolExecutor::execute (132 bytes)
Event: 12.437 Thread 0x0000000016007800 nmethod 1639 0x000000000290e110 code [0x000000000290e360, 0x000000000290f2c8]
Event: 12.446 Thread 0x0000000016007800 1640   !   3       com.android.dx.cf.direct.MemberListParser::parse (641 bytes)
Event: 12.457 Thread 0x0000000016007800 nmethod 1640 0x000000000290f790 code [0x0000000002910360, 0x0000000002918e78]
Event: 12.457 Thread 0x0000000016007800 1641       3       com.android.dx.rop.annotation.Annotations::<init> (16 bytes)
Event: 12.458 Thread 0x0000000016007800 nmethod 1641 0x0000000002909850 code [0x00000000029099e0, 0x0000000002909d90]
Event: 12.459 Thread 0x0000000016007800 1642       3       java.util.concurrent.locks.AbstractQueuedSynchronizer::unparkSuccessor (84 bytes)
Event: 12.460 Thread 0x0000000016007800 nmethod 1642 0x0000000002921990 code [0x0000000002921b20, 0x0000000002922068]

GC Heap History (6 events):
Event: 3.389 GC heap before
{Heap before GC invocations=1 (full 0):
 PSYoungGen      total 18944K, used 16384K [0x00000000eab00000, 0x00000000ec000000, 0x0000000100000000)
  eden space 16384K, 100% used [0x00000000eab00000,0x00000000ebb00000,0x00000000ebb00000)
  from space 2560K, 0% used [0x00000000ebd80000,0x00000000ebd80000,0x00000000ec000000)
  to   space 2560K, 0% used [0x00000000ebb00000,0x00000000ebb00000,0x00000000ebd80000)
 ParOldGen       total 44032K, used 0K [0x00000000c0000000, 0x00000000c2b00000, 0x00000000eab00000)
  object space 44032K, 0% used [0x00000000c0000000,0x00000000c0000000,0x00000000c2b00000)
 Metaspace       used 3450K, capacity 4720K, committed 4864K, reserved 1056768K
  class space    used 374K, capacity 424K, committed 512K, reserved 1048576K
Event: 4.040 GC heap after
Heap after GC invocations=1 (full 0):
 PSYoungGen      total 18944K, used 1111K [0x00000000eab00000, 0x00000000ed000000, 0x0000000100000000)
  eden space 16384K, 0% used [0x00000000eab00000,0x00000000eab00000,0x00000000ebb00000)
  from space 2560K, 43% used [0x00000000ebb00000,0x00000000ebc15ca8,0x00000000ebd80000)
  to   space 2560K, 0% used [0x00000000ecd80000,0x00000000ecd80000,0x00000000ed000000)
 ParOldGen       total 44032K, used 8K [0x00000000c0000000, 0x00000000c2b00000, 0x00000000eab00000)
  object space 44032K, 0% used [0x00000000c0000000,0x00000000c0002000,0x00000000c2b00000)
 Metaspace       used 3450K, capacity 4720K, committed 4864K, reserved 1056768K
  class space    used 374K, capacity 424K, committed 512K, reserved 1048576K
}
Event: 8.771 GC heap before
{Heap before GC invocations=2 (full 0):
 PSYoungGen      total 18944K, used 17495K [0x00000000eab00000, 0x00000000ed000000, 0x0000000100000000)
  eden space 16384K, 100% used [0x00000000eab00000,0x00000000ebb00000,0x00000000ebb00000)
  from space 2560K, 43% used [0x00000000ebb00000,0x00000000ebc15ca8,0x00000000ebd80000)
  to   space 2560K, 0% used [0x00000000ecd80000,0x00000000ecd80000,0x00000000ed000000)
 ParOldGen       total 44032K, used 8K [0x00000000c0000000, 0x00000000c2b00000, 0x00000000eab00000)
  object space 44032K, 0% used [0x00000000c0000000,0x00000000c0002000,0x00000000c2b00000)
 Metaspace       used 5964K, capacity 6838K, committed 7040K, reserved 1056768K
  class space    used 601K, capacity 622K, committed 640K, reserved 1048576K
Event: 8.839 GC heap after
Heap after GC invocations=2 (full 0):
 PSYoungGen      total 35328K, used 2544K [0x00000000eab00000, 0x00000000ed000000, 0x0000000100000000)
  eden space 32768K, 0% used [0x00000000eab00000,0x00000000eab00000,0x00000000ecb00000)
  from space 2560K, 99% used [0x00000000ecd80000,0x00000000ecffc280,0x00000000ed000000)
  to   space 2560K, 0% used [0x00000000ecb00000,0x00000000ecb00000,0x00000000ecd80000)
 ParOldGen       total 44032K, used 2165K [0x00000000c0000000, 0x00000000c2b00000, 0x00000000eab00000)
  object space 44032K, 4% used [0x00000000c0000000,0x00000000c021d590,0x00000000c2b00000)
 Metaspace       used 5964K, capacity 6838K, committed 7040K, reserved 1056768K
  class space    used 601K, capacity 622K, committed 640K, reserved 1048576K
}
Event: 11.590 GC heap before
{Heap before GC invocations=3 (full 0):
 PSYoungGen      total 35328K, used 35312K [0x00000000eab00000, 0x00000000ed000000, 0x0000000100000000)
  eden space 32768K, 100% used [0x00000000eab00000,0x00000000ecb00000,0x00000000ecb00000)
  from space 2560K, 99% used [0x00000000ecd80000,0x00000000ecffc280,0x00000000ed000000)
  to   space 2560K, 0% used [0x00000000ecb00000,0x00000000ecb00000,0x00000000ecd80000)
 ParOldGen       total 44032K, used 2165K [0x00000000c0000000, 0x00000000c2b00000, 0x00000000eab00000)
  object space 44032K, 4% used [0x00000000c0000000,0x00000000c021d590,0x00000000c2b00000)
 Metaspace       used 6211K, capacity 7030K, committed 7296K, reserved 1056768K
  class space    used 602K, capacity 622K, committed 640K, reserved 1048576K
Event: 11.789 GC heap after
Heap after GC invocations=3 (full 0):
 PSYoungGen      total 35328K, used 2537K [0x00000000eab00000, 0x00000000ef000000, 0x0000000100000000)
  eden space 32768K, 0% used [0x00000000eab00000,0x00000000eab00000,0x00000000ecb00000)
  from space 2560K, 99% used [0x00000000ecb00000,0x00000000ecd7a630,0x00000000ecd80000)
  to   space 2560K, 0% used [0x00000000eed80000,0x00000000eed80000,0x00000000ef000000)
 ParOldGen       total 44032K, used 7242K [0x00000000c0000000, 0x00000000c2b00000, 0x00000000eab00000)
  object space 44032K, 16% used [0x00000000c0000000,0x00000000c0712820,0x00000000c2b00000)
 Metaspace       used 6211K, capacity 7030K, committed 7296K, reserved 1056768K
  class space    used 602K, capacity 622K, committed 640K, reserved 1048576K
}

Deoptimization events (10 events):
Event: 9.216 Thread 0x00000000169d1000 Uncommon trap: reason=unstable_if action=reinterpret pc=0x0000000002632ddc method=com.android.dx.ssa.SsaMethod.updateOneDefinition(Lcom/android/dx/ssa/SsaInsn;Lcom/android/dx/rop/code/RegisterSpec;)V @ 4
Event: 9.361 Thread 0x0000000001cbd800 Uncommon trap: reason=class_check action=maybe_recompile pc=0x0000000002776d98 method=com.android.dx.cf.code.BytecodeArray.parseInstruction(ILcom/android/dx/cf/code/BytecodeArray$Visitor;)I @ 2135
Event: 9.363 Thread 0x0000000001cbd800 Uncommon trap: reason=unstable_if action=reinterpret pc=0x00000000024cb350 method=java.lang.String.<init>([CII)V @ 18
Event: 9.376 Thread 0x00000000169d1000 Uncommon trap: reason=uninitialized action=reinterpret pc=0x0000000002777cf4 method=com.android.dx.cf.code.BytecodeArray.parseInstruction(ILcom/android/dx/cf/code/BytecodeArray$Visitor;)I @ 999
Event: 9.432 Thread 0x00000000169d1000 Uncommon trap: reason=bimorphic action=maybe_recompile pc=0x00000000024937ac method=java.util.HashMap.getNode(ILjava/lang/Object;)Ljava/util/HashMap$Node; @ 126
Event: 10.290 Thread 0x000000001689c000 Uncommon trap: reason=bimorphic action=maybe_recompile pc=0x00000000024937ac method=java.util.HashMap.getNode(ILjava/lang/Object;)Ljava/util/HashMap$Node; @ 126
Event: 12.108 Thread 0x00000000169d3000 Uncommon trap: reason=unstable_if action=reinterpret pc=0x0000000002895854 method=com.android.dx.cf.code.RopperMachine.run(Lcom/android/dx/cf/code/Frame;II)V @ 1250
Event: 12.213 Thread 0x00000000169d1000 Uncommon trap: reason=unstable_if action=reinterpret pc=0x0000000002493770 method=java.util.HashMap.getNode(ILjava/lang/Object;)Ljava/util/HashMap$Node; @ 62
Event: 12.338 Thread 0x00000000169d3000 Uncommon trap: reason=null_check action=make_not_entrant pc=0x0000000002618e28 method=com.android.dx.rop.type.Type.equals(Ljava/lang/Object;)Z @ 8
Event: 12.339 Thread 0x00000000169d3000 Uncommon trap: reason=unstable_if action=reinterpret pc=0x0000000002887698 method=com.android.dx.cf.code.Merger.mergeType(Lcom/android/dx/rop/type/TypeBearer;Lcom/android/dx/rop/type/TypeBearer;)Lcom/android/dx/rop/type/TypeBearer; @ 15

Internal exceptions (3 events):
Event: 0.296 Thread 0x0000000001cbd800 Exception <a 'java/lang/NoSuchMethodError': Method sun.misc.Unsafe.defineClass(Ljava/lang/String;[BII)Ljava/lang/Class; name or signature does not match> (0x00000000eab13070) thrown at [C:\workspace\8-2-build-windows-amd64-cygwin\jdk8u65\4987\hotspot\src\se¯§îÒ?
Event: 0.296 Thread 0x0000000001cbd800 Exception <a 'java/lang/NoSuchMethodError': Method sun.misc.Unsafe.prefetchRead(Ljava/lang/Object;J)V name or signature does not match> (0x00000000eab13358) thrown at [C:\workspace\8-2-build-windows-amd64-cygwin\jdk8u65\4987\hotspot\src\share\vm\prims\jni.2(¸˜H­(@
Event: 12.338 Thread 0x00000000169d3000 Implicit null exception at 0x0000000002618d22 to 0x0000000002618e1a

Events (10 events):
Event: 12.108 Thread 0x00000000169d3000 DEOPT UNPACKING pc=0x000000000225582a sp=0x00000000174ae618 mode 2
Event: 12.213 Thread 0x00000000169d1000 Uncommon trap: trap_request=0xffffff65 fr.pc=0x0000000002493770
Event: 12.213 Thread 0x00000000169d1000 DEOPT PACKING pc=0x0000000002493770 sp=0x00000000172ae3f0
Event: 12.213 Thread 0x00000000169d1000 DEOPT UNPACKING pc=0x000000000225582a sp=0x00000000172ae300 mode 2
Event: 12.338 Thread 0x00000000169d3000 Uncommon trap: trap_request=0xfffffff4 fr.pc=0x0000000002618e28
Event: 12.338 Thread 0x00000000169d3000 DEOPT PACKING pc=0x0000000002618e28 sp=0x00000000174aea20
Event: 12.339 Thread 0x00000000169d3000 DEOPT UNPACKING pc=0x000000000225582a sp=0x00000000174ae9a8 mode 2
Event: 12.339 Thread 0x00000000169d3000 Uncommon trap: trap_request=0xffffff65 fr.pc=0x0000000002887698
Event: 12.339 Thread 0x00000000169d3000 DEOPT PACKING pc=0x0000000002887698 sp=0x00000000174aea40
Event: 12.339 Thread 0x00000000169d3000 DEOPT UNPACKING pc=0x000000000225582a sp=0x00000000174ae9d0 mode 2


Dynamic libraries:
0x00007ff7a2280000 - 0x00007ff7a22b7000 	C:\Program Files\Java\jdk1.8.0_65\bin\java.exe
0x00007ffb54030000 - 0x00007ffb541dc000 	C:\Windows\SYSTEM32\ntdll.dll
0x00007ffb53330000 - 0x00007ffb5346e000 	C:\Windows\system32\KERNEL32.DLL
0x00007ffb512a0000 - 0x00007ffb513b5000 	C:\Windows\system32\KERNELBASE.dll
0x00007ffb4fd20000 - 0x00007ffb4fdae000 	C:\Windows\system32\apphelp.dll
0x00007ffb3b830000 - 0x00007ffb3b883000 	C:\Windows\AppPatch\AppPatch64\AcGenral.DLL
0x00007ffb53280000 - 0x00007ffb5332a000 	C:\Windows\system32\msvcrt.dll
0x00007ffb51020000 - 0x00007ffb5104e000 	C:\Windows\SYSTEM32\SspiCli.dll
0x00007ffb51b50000 - 0x00007ffb51ba4000 	C:\Windows\system32\SHLWAPI.dll
0x00007ffb537c0000 - 0x00007ffb53937000 	C:\Windows\system32\USER32.dll
0x00007ffb530e0000 - 0x00007ffb53274000 	C:\Windows\system32\ole32.dll
0x00007ffb51bb0000 - 0x00007ffb530db000 	C:\Windows\system32\SHELL32.dll
0x00007ffb507a0000 - 0x00007ffb507c1000 	C:\Windows\SYSTEM32\USERENV.dll
0x00007ffb53680000 - 0x00007ffb5372a000 	C:\Windows\system32\ADVAPI32.dll
0x00007ffb450f0000 - 0x00007ffb4510e000 	C:\Windows\SYSTEM32\MPR.dll
0x00007ffb53470000 - 0x00007ffb535b1000 	C:\Windows\system32\RPCRT4.dll
0x00007ffb51a90000 - 0x00007ffb51ae9000 	C:\Windows\SYSTEM32\sechost.dll
0x00007ffb516b0000 - 0x00007ffb518c1000 	C:\Windows\SYSTEM32\combase.dll
0x00007ffb53b30000 - 0x00007ffb53c7f000 	C:\Windows\system32\GDI32.dll
0x00007ffb51180000 - 0x00007ffb51195000 	C:\Windows\SYSTEM32\profapi.dll
0x00007ffb4f4d0000 - 0x00007ffb4f582000 	C:\Windows\SYSTEM32\SHCORE.dll
0x00007ffb51b10000 - 0x00007ffb51b46000 	C:\Windows\system32\IMM32.DLL
0x00007ffb51930000 - 0x00007ffb51a82000 	C:\Windows\system32\MSCTF.dll
0x00007ffb4e650000 - 0x00007ffb4e8cb000 	C:\Windows\WinSxS\amd64_microsoft.windows.common-controls_6595b64144ccf1df_6.0.9600.18006_none_623f33d3ecbe86e8\COMCTL32.dll
0x000000006e820000 - 0x000000006e8f2000 	C:\Program Files\Java\jdk1.8.0_65\jre\bin\msvcr100.dll
0x000000006d1c0000 - 0x000000006da49000 	C:\Program Files\Java\jdk1.8.0_65\jre\bin\server\jvm.dll
0x00007ffb47cc0000 - 0x00007ffb47cc9000 	C:\Windows\SYSTEM32\WSOCK32.dll
0x00007ffb49f20000 - 0x00007ffb49f42000 	C:\Windows\SYSTEM32\WINMM.dll
0x00007ffb47cb0000 - 0x00007ffb47cba000 	C:\Windows\SYSTEM32\VERSION.dll
0x00007ffb54020000 - 0x00007ffb54027000 	C:\Windows\system32\PSAPI.DLL
0x00007ffb518d0000 - 0x00007ffb5192a000 	C:\Windows\system32\WS2_32.dll
0x00007ffb49db0000 - 0x00007ffb49dda000 	C:\Windows\SYSTEM32\WINMMBASE.dll
0x00007ffb53c80000 - 0x00007ffb53c89000 	C:\Windows\system32\NSI.dll
0x00007ffb51250000 - 0x00007ffb5129f000 	C:\Windows\SYSTEM32\cfgmgr32.dll
0x00007ffb4ff80000 - 0x00007ffb4ffa8000 	C:\Windows\SYSTEM32\DEVOBJ.dll
0x000000006ecf0000 - 0x000000006ecff000 	C:\Program Files\Java\jdk1.8.0_65\jre\bin\verify.dll
0x000000006ec60000 - 0x000000006ec89000 	C:\Program Files\Java\jdk1.8.0_65\jre\bin\java.dll
0x000000006ec40000 - 0x000000006ec56000 	C:\Program Files\Java\jdk1.8.0_65\jre\bin\zip.dll

VM Arguments:
jvm_args: -Xmx1024M -Dfile.encoding=x-windows-949 -Duser.country=KR -Duser.language=ko -Duser.variant 
java_command: com.android.dx.command.Main --dex --num-threads=4 --output C:\Users\Public\Downloads\mobile2\FinalProject\app\build\intermediates\pre-dexed\debug\classes-61cd87c1a0fb4392f155350c826b3127124f5dc3.jar C:\Users\Public\Downloads\mobile2\FinalProject\app\build\intermediates\exploded-aar\com.google.android.gms\play-services-basement\8.1.0\jars\classes.jar
java_class_path (initial): C:\Users\Public\Downloads\build-tools\23.0.2\lib\dx.jar
Launcher Type: SUN_STANDARD

Environment Variables:
JAVA_HOME=C:\Program Files (x86)\Java\jdk1.8.0_51
CLASSPATH=.;C:\Program Files (x86)\Java\jdk1.8.0_51\bin;
PATH=C:\ProgramData\Oracle\Java\javapath;C:\Program Files\Intel\WiFi\bin\;C:\Program Files\Common Files\Intel\WirelessCommon\;C:\Program Files (x86)\Java\jdk1.8.0_51\bin;C:\Program Files\Microsoft\Web Platform Installer\;C:\Program Files (x86)\Windows Kits\8.1\Windows Performance Toolkit\C:\Windows\system32;C:\Windows;C:\Users\Çý·É\AppData\Local\Programs\Git\cmd;C:\Users\Çý·É\AppData\Local\Programs\Git\mingw64\bin;C:\Users\Çý·É\AppData\Local\Programs\Git\usr\bin;C:\Users\Çý·É\Desktop\ALSee\x64
USERNAME=Çý·É
OS=Windows_NT
PROCESSOR_IDENTIFIER=Intel64 Family 6 Model 61 Stepping 4, GenuineIntel



---------------  S Y S T E M  ---------------

OS: Windows 8.1 , 64 bit Build 9600 (6.3.9600.17415)

CPU:total 4 (2 cores per cpu, 2 threads per core) family 6 model 61 stepping 4, cmov, cx8, fxsr, mmx, sse, sse2, sse3, ssse3, sse4.1, sse4.2, popcnt, avx, avx2, aes, clmul, erms, 3dnowpref, lzcnt, ht, tsc, tscinvbit, bmi1, bmi2, adx

Memory: 4k page, physical 4097964k(267892k free), swap 7243692k(5056k free)

vm_info: Java HotSpot(TM) 64-Bit Server VM (25.65-b01) for windows-amd64 JRE (1.8.0_65-b17), built on Oct  6 2015 16:39:20 by "java_re" with MS VC++ 10.0 (VS2010)

time: Fri Dec 18 18:14:36 2015
elapsed time: 12 seconds (0d 0h 0m 12s)

