#
# There is insufficient memory for the Java Runtime Environment to continue.
# Native memory allocation (malloc) failed to allocate 65552 bytes for Chunk::new
# Possible reasons:
#   The system is out of physical RAM or swap space
#   In 32 bit mode, the process size limit was hit
# Possible solutions:
#   Reduce memory load on the system
#   Increase physical memory or swap space
#   Check if swap backing store is full
#   Use 64 bit Java on a 64 bit OS
#   Decrease Java heap size (-Xmx/-Xms)
#   Decrease number of Java threads
#   Decrease Java thread stack sizes (-Xss)
#   Set larger code cache with -XX:ReservedCodeCacheSize=
# This output file may be truncated or incomplete.
#
#  Out of Memory Error (allocation.cpp:390), pid=7120, tid=8004
#
# JRE version: Java(TM) SE Runtime Environment (8.0_65-b17) (build 1.8.0_65-b17)
# Java VM: Java HotSpot(TM) 64-Bit Server VM (25.65-b01 mixed mode windows-amd64 compressed oops)
# Failed to write core dump. Minidumps are not enabled by default on client versions of Windows
#

---------------  T H R E A D  ---------------

Current thread (0x0000000016443800):  JavaThread "C2 CompilerThread1" daemon [_thread_in_native, id=8004, stack(0x00000000167f0000,0x00000000168f0000)]

Stack: [0x00000000167f0000,0x00000000168f0000]
[error occurred during error reporting (printing stack bounds), id 0xc0000005]

Native frames: (J=compiled Java code, j=interpreted, Vv=VM code, C=native code)


Current CompileTask:
C2:  13112 2227   !   4       com.android.dx.rop.type.Type::intern (319 bytes)


---------------  P R O C E S S  ---------------

Java Threads: ( => current thread )
  0x0000000016450000 JavaThread "Service Thread" daemon [_thread_blocked, id=6504, stack(0x00000000169f0000,0x0000000016af0000)]
  0x000000001644b000 JavaThread "C1 CompilerThread2" daemon [_thread_blocked, id=8468, stack(0x00000000168f0000,0x00000000169f0000)]
=>0x0000000016443800 JavaThread "C2 CompilerThread1" daemon [_thread_in_native, id=8004, stack(0x00000000167f0000,0x00000000168f0000)]
  0x0000000014d69000 JavaThread "C2 CompilerThread0" daemon [_thread_blocked, id=5892, stack(0x00000000162f0000,0x00000000163f0000)]
  0x0000000014d67000 JavaThread "Attach Listener" daemon [_thread_blocked, id=2600, stack(0x00000000161f0000,0x00000000162f0000)]
  0x0000000014d1c800 JavaThread "Signal Dispatcher" daemon [_thread_blocked, id=1312, stack(0x00000000160f0000,0x00000000161f0000)]
  0x0000000002636000 JavaThread "Finalizer" daemon [_thread_blocked, id=2872, stack(0x0000000015f70000,0x0000000016070000)]
  0x000000000262d000 JavaThread "Reference Handler" daemon [_thread_blocked, id=8428, stack(0x0000000015e70000,0x0000000015f70000)]
  0x00000000020cd800 JavaThread "main" [_thread_in_Java, id=6008, stack(0x00000000020d0000,0x00000000021d0000)]

Other Threads:
  0x0000000014cd8000 VMThread [stack: 0x0000000015d70000,0x0000000015e70000] [id=8852]
  0x00000000164b2800 WatcherThread [stack: 0x0000000016af0000,0x0000000016bf0000] [id=5100]

VM state:not at safepoint (normal execution)

VM Mutex/Monitor currently owned by a thread: None

Heap:
 PSYoungGen      total 68096K, used 48062K [0x00000000eab00000, 0x00000000ef000000, 0x0000000100000000)
  eden space 65536K, 69% used [0x00000000eab00000,0x00000000ed7752c0,0x00000000eeb00000)
  from space 2560K, 99% used [0x00000000eed80000,0x00000000eeffa638,0x00000000ef000000)
  to   space 2560K, 0% used [0x00000000eeb00000,0x00000000eeb00000,0x00000000eed80000)
 ParOldGen       total 44032K, used 13573K [0x00000000c0000000, 0x00000000c2b00000, 0x00000000eab00000)
  object space 44032K, 30% used [0x00000000c0000000,0x00000000c0d415f8,0x00000000c2b00000)
 Metaspace       used 6768K, capacity 7512K, committed 7680K, reserved 1056768K
  class space    used 625K, capacity 656K, committed 768K, reserved 1048576K

Card table byte_map: [0x0000000011a00000,0x0000000011c10000] byte_map_base: 0x0000000011400000

Marking Bits: (ParMarkBitMap*) 0x000000006d9ca5b0
 Begin Bits: [0x0000000012170000, 0x0000000013170000)
 End Bits:   [0x0000000013170000, 0x0000000014170000)

Polling page: 0x00000000007b0000

CodeCache: size=245760Kb used=9247Kb max_used=9253Kb free=236512Kb
 bounds [0x0000000002640000, 0x0000000002f60000, 0x0000000011640000]
 total_blobs=2482 nmethods=2209 adapters=185
 compilation: enabled

Compilation events (10 events):
Event: 13.103 Thread 0x0000000014d69000 nmethod 2233 0x0000000002f46390 code [0x0000000002f46520, 0x0000000002f46a78]
Event: 13.103 Thread 0x000000001644b000 nmethod 2229 0x0000000002f470d0 code [0x0000000002f47660, 0x0000000002f4b0a8]
Event: 13.103 Thread 0x000000001644b000 2224       3       com.android.dx.dex.file.TypeIdItem::writeTo (107 bytes)
Event: 13.104 Thread 0x0000000014d69000 2234       4       com.android.dx.util.ByteArrayAnnotatedOutput::writeInt (90 bytes)
Event: 13.106 Thread 0x000000001644b000 nmethod 2224 0x0000000002f4d590 code [0x0000000002f4d940, 0x0000000002f4fa28]
Event: 13.106 Thread 0x000000001644b000 2231       3       com.android.dx.dex.file.MethodIdItem::getTypoidIdx (17 bytes)
Event: 13.106 Thread 0x000000001644b000 nmethod 2231 0x0000000002f50cd0 code [0x0000000002f50e60, 0x0000000002f51408]
Event: 13.106 Thread 0x0000000014d69000 nmethod 2234 0x0000000002f43210 code [0x0000000002f43360, 0x0000000002f434d8]
Event: 13.106 Thread 0x000000001644b000 2232       3       com.android.dx.dex.file.ProtoIdsSection::indexOf (49 bytes)
Event: 13.107 Thread 0x000000001644b000 nmethod 2232 0x0000000002f45490 code [0x0000000002f45680, 0x0000000002f45fc8]

GC Heap History (8 events):
Event: 1.514 GC heap before
{Heap before GC invocations=1 (full 0):
 PSYoungGen      total 18944K, used 16384K [0x00000000eab00000, 0x00000000ec000000, 0x0000000100000000)
  eden space 16384K, 100% used [0x00000000eab00000,0x00000000ebb00000,0x00000000ebb00000)
  from space 2560K, 0% used [0x00000000ebd80000,0x00000000ebd80000,0x00000000ec000000)
  to   space 2560K, 0% used [0x00000000ebb00000,0x00000000ebb00000,0x00000000ebd80000)
 ParOldGen       total 44032K, used 0K [0x00000000c0000000, 0x00000000c2b00000, 0x00000000eab00000)
  object space 44032K, 0% used [0x00000000c0000000,0x00000000c0000000,0x00000000c2b00000)
 Metaspace       used 5584K, capacity 6514K, committed 6784K, reserved 1056768K
  class space    used 595K, capacity 618K, committed 640K, reserved 1048576K
Event: 1.641 GC heap after
Heap after GC invocations=1 (full 0):
 PSYoungGen      total 18944K, used 2548K [0x00000000eab00000, 0x00000000ed000000, 0x0000000100000000)
  eden space 16384K, 0% used [0x00000000eab00000,0x00000000eab00000,0x00000000ebb00000)
  from space 2560K, 99% used [0x00000000ebb00000,0x00000000ebd7d0d8,0x00000000ebd80000)
  to   space 2560K, 0% used [0x00000000ecd80000,0x00000000ecd80000,0x00000000ed000000)
 ParOldGen       total 44032K, used 1381K [0x00000000c0000000, 0x00000000c2b00000, 0x00000000eab00000)
  object space 44032K, 3% used [0x00000000c0000000,0x00000000c0159498,0x00000000c2b00000)
 Metaspace       used 5584K, capacity 6514K, committed 6784K, reserved 1056768K
  class space    used 595K, capacity 618K, committed 640K, reserved 1048576K
}
Event: 2.824 GC heap before
{Heap before GC invocations=2 (full 0):
 PSYoungGen      total 18944K, used 18932K [0x00000000eab00000, 0x00000000ed000000, 0x0000000100000000)
  eden space 16384K, 100% used [0x00000000eab00000,0x00000000ebb00000,0x00000000ebb00000)
  from space 2560K, 99% used [0x00000000ebb00000,0x00000000ebd7d0d8,0x00000000ebd80000)
  to   space 2560K, 0% used [0x00000000ecd80000,0x00000000ecd80000,0x00000000ed000000)
 ParOldGen       total 44032K, used 1381K [0x00000000c0000000, 0x00000000c2b00000, 0x00000000eab00000)
  object space 44032K, 3% used [0x00000000c0000000,0x00000000c0159498,0x00000000c2b00000)
 Metaspace       used 5983K, capacity 6836K, committed 7040K, reserved 1056768K
  class space    used 600K, capacity 620K, committed 640K, reserved 1048576K
Event: 2.969 GC heap after
Heap after GC invocations=2 (full 0):
 PSYoungGen      total 35328K, used 2532K [0x00000000eab00000, 0x00000000ed000000, 0x0000000100000000)
  eden space 32768K, 0% used [0x00000000eab00000,0x00000000eab00000,0x00000000ecb00000)
  from space 2560K, 98% used [0x00000000ecd80000,0x00000000ecff90c8,0x00000000ed000000)
  to   space 2560K, 0% used [0x00000000ecb00000,0x00000000ecb00000,0x00000000ecd80000)
 ParOldGen       total 44032K, used 3317K [0x00000000c0000000, 0x00000000c2b00000, 0x00000000eab00000)
  object space 44032K, 7% used [0x00000000c0000000,0x00000000c033d580,0x00000000c2b00000)
 Metaspace       used 5983K, capacity 6836K, committed 7040K, reserved 1056768K
  class space    used 600K, capacity 620K, committed 640K, reserved 1048576K
}
Event: 5.181 GC heap before
{Heap before GC invocations=3 (full 0):
 PSYoungGen      total 35328K, used 35300K [0x00000000eab00000, 0x00000000ed000000, 0x0000000100000000)
  eden space 32768K, 100% used [0x00000000eab00000,0x00000000ecb00000,0x00000000ecb00000)
  from space 2560K, 98% used [0x00000000ecd80000,0x00000000ecff90c8,0x00000000ed000000)
  to   space 2560K, 0% used [0x00000000ecb00000,0x00000000ecb00000,0x00000000ecd80000)
 ParOldGen       total 44032K, used 3317K [0x00000000c0000000, 0x00000000c2b00000, 0x00000000eab00000)
  object space 44032K, 7% used [0x00000000c0000000,0x00000000c033d580,0x00000000c2b00000)
 Metaspace       used 6243K, capacity 7092K, committed 7296K, reserved 1056768K
  class space    used 600K, capacity 620K, committed 640K, reserved 1048576K
Event: 5.281 GC heap after
Heap after GC invocations=3 (full 0):
 PSYoungGen      total 35328K, used 2537K [0x00000000eab00000, 0x00000000ef000000, 0x0000000100000000)
  eden space 32768K, 0% used [0x00000000eab00000,0x00000000eab00000,0x00000000ecb00000)
  from space 2560K, 99% used [0x00000000ecb00000,0x00000000ecd7a638,0x00000000ecd80000)
  to   space 2560K, 0% used [0x00000000eed80000,0x00000000eed80000,0x00000000ef000000)
 ParOldGen       total 44032K, used 8763K [0x00000000c0000000, 0x00000000c2b00000, 0x00000000eab00000)
  object space 44032K, 19% used [0x00000000c0000000,0x00000000c088eed8,0x00000000c2b00000)
 Metaspace       used 6243K, capacity 7092K, committed 7296K, reserved 1056768K
  class space    used 600K, capacity 620K, committed 640K, reserved 1048576K
}
Event: 6.097 GC heap before
{Heap before GC invocations=4 (full 0):
 PSYoungGen      total 35328K, used 35305K [0x00000000eab00000, 0x00000000ef000000, 0x0000000100000000)
  eden space 32768K, 100% used [0x00000000eab00000,0x00000000ecb00000,0x00000000ecb00000)
  from space 2560K, 99% used [0x00000000ecb00000,0x00000000ecd7a638,0x00000000ecd80000)
  to   space 2560K, 0% used [0x00000000eed80000,0x00000000eed80000,0x00000000ef000000)
 ParOldGen       total 44032K, used 8763K [0x00000000c0000000, 0x00000000c2b00000, 0x00000000eab00000)
  object space 44032K, 19% used [0x00000000c0000000,0x00000000c088eed8,0x00000000c2b00000)
 Metaspace       used 6306K, capacity 7092K, committed 7296K, reserved 1056768K
  class space    used 601K, capacity 620K, committed 640K, reserved 1048576K
Event: 6.259 GC heap after
Heap after GC invocations=4 (full 0):
 PSYoungGen      total 68096K, used 2537K [0x00000000eab00000, 0x00000000ef000000, 0x0000000100000000)
  eden space 65536K, 0% used [0x00000000eab00000,0x00000000eab00000,0x00000000eeb00000)
  from space 2560K, 99% used [0x00000000eed80000,0x00000000eeffa638,0x00000000ef000000)
  to   space 2560K, 0% used [0x00000000eeb00000,0x00000000eeb00000,0x00000000eed80000)
 ParOldGen       total 44032K, used 13573K [0x00000000c0000000, 0x00000000c2b00000, 0x00000000eab00000)
  object space 44032K, 30% used [0x00000000c0000000,0x00000000c0d415f8,0x00000000c2b00000)
 Metaspace       used 6306K, capacity 7092K, committed 7296K, reserved 1056768K
  class space    used 601K, capacity 620K, committed 640K, reserved 1048576K
}

Deoptimization events (10 events):
Event: 9.272 Thread 0x00000000020cd800 Uncommon trap: reason=speculate_class_check action=maybe_recompile pc=0x00000000029c73e4 method=com.android.dx.util.FixedSizeList.equals(Ljava/lang/Object;)Z @ 25
Event: 9.272 Thread 0x00000000020cd800 Uncommon trap: reason=speculate_class_check action=maybe_recompile pc=0x00000000029c73e4 method=com.android.dx.util.FixedSizeList.equals(Ljava/lang/Object;)Z @ 25
Event: 9.273 Thread 0x00000000020cd800 Uncommon trap: reason=unstable_if action=reinterpret pc=0x0000000002cce6c0 method=java.util.TreeMap.put(Ljava/lang/Object;Ljava/lang/Object;)Ljava/lang/Object; @ 163
Event: 9.341 Thread 0x00000000020cd800 Uncommon trap: reason=unstable_if action=reinterpret pc=0x0000000002e64a80 method=com.android.dx.dex.code.OutputFinisher.findOpcodeForInsn(Lcom/android/dx/dex/code/DalvInsn;Lcom/android/dx/dex/code/Dop;)Lcom/android/dx/dex/code/Dop; @ 1
Event: 10.510 Thread 0x00000000020cd800 Uncommon trap: reason=class_check action=maybe_recompile pc=0x0000000002ed36c4 method=com.android.dx.dex.code.OutputFinisher.massageInstructions([Lcom/android/dx/dex/code/Dop;)V @ 63
Event: 10.515 Thread 0x00000000020cd800 Uncommon trap: reason=class_check action=maybe_recompile pc=0x0000000002ec3938 method=com.android.dx.dex.code.OutputFinisher.calculateReservedCount([Lcom/android/dx/dex/code/Dop;)I @ 72
Event: 10.516 Thread 0x00000000020cd800 Uncommon trap: reason=class_check action=maybe_recompile pc=0x0000000002ec6ba0 method=com.android.dx.dex.code.OutputFinisher.calculateReservedCount([Lcom/android/dx/dex/code/Dop;)I @ 72
Event: 10.517 Thread 0x00000000020cd800 Uncommon trap: reason=class_check action=maybe_recompile pc=0x0000000002ec3938 method=com.android.dx.dex.code.OutputFinisher.calculateReservedCount([Lcom/android/dx/dex/code/Dop;)I @ 72
Event: 11.435 Thread 0x00000000020cd800 Uncommon trap: reason=unstable_if action=reinterpret pc=0x0000000002ea6ee4 method=java.util.ArrayList.<init>(I)V @ 5
Event: 13.085 Thread 0x00000000020cd800 Uncommon trap: reason=unstable_if action=reinterpret pc=0x0000000002f0e084 method=com.android.dx.util.ByteArrayAnnotatedOutput.writeByte(I)V @ 13

Internal exceptions (3 events):
Event: 0.217 Thread 0x00000000020cd800 Exception <a 'java/lang/NoSuchMethodError': Method sun.misc.Unsafe.defineClass(Ljava/lang/String;[BII)Ljava/lang/Class; name or signature does not match> (0x00000000eab13070) thrown at [C:\workspace\8-2-build-windows-amd64-cygwin\jdk8u65\4987\hotspot\src\s1©¥å#ÊË?
Event: 0.217 Thread 0x00000000020cd800 Exception <a 'java/lang/NoSuchMethodError': Method sun.misc.Unsafe.prefetchRead(Ljava/lang/Object;J)V name or signature does not match> (0x00000000eab13358) thrown at [C:\workspace\8-2-build-windows-amd64-cygwin\jdk8u65\4987\hotspot\src\share\vm\prims\jni.æÕDr)Š@
Event: 6.385 Thread 0x0000000016704800 Implicit null exception at 0x00000000028d88e2 to 0x00000000028d89da

Events (10 events):
Event: 12.028 loading class com/android/dex/EncodedValueCodec done
Event: 13.080 loading class com/android/dx/dex/file/MapItem
Event: 13.080 loading class com/android/dx/dex/file/MapItem done
Event: 13.081 loading class com/android/dx/dex/file/UniformListItem
Event: 13.081 loading class com/android/dx/dex/file/UniformListItem done
Event: 13.085 loading class com/android/dex/DexFormat
Event: 13.085 loading class com/android/dex/DexFormat done
Event: 13.085 Thread 0x00000000020cd800 Uncommon trap: trap_request=0xffffff65 fr.pc=0x0000000002f0e084
Event: 13.086 Thread 0x00000000020cd800 DEOPT PACKING pc=0x0000000002f0e084 sp=0x00000000021cf240
Event: 13.086 Thread 0x00000000020cd800 DEOPT UNPACKING pc=0x000000000268582a sp=0x00000000021cf1f8 mode 2


Dynamic libraries:
0x00007ff7a2280000 - 0x00007ff7a22b7000 	C:\Program Files\Java\jdk1.8.0_65\bin\java.exe
0x00007ffb54030000 - 0x00007ffb541dc000 	C:\Windows\SYSTEM32\ntdll.dll
0x00007ffb53330000 - 0x00007ffb5346e000 	C:\Windows\system32\KERNEL32.DLL
0x00007ffb512a0000 - 0x00007ffb513b5000 	C:\Windows\system32\KERNELBASE.dll
0x00007ffb4fd20000 - 0x00007ffb4fdae000 	C:\Windows\system32\apphelp.dll
0x00007ffb3b830000 - 0x00007ffb3b883000 	C:\Windows\AppPatch\AppPatch64\AcGenral.DLL
0x00007ffb53280000 - 0x00007ffb5332a000 	C:\Windows\system32\msvcrt.dll
0x00007ffb51020000 - 0x00007ffb5104e000 	C:\Windows\SYSTEM32\SspiCli.dll
0x00007ffb51b50000 - 0x00007ffb51ba4000 	C:\Windows\system32\SHLWAPI.dll
0x00007ffb537c0000 - 0x00007ffb53937000 	C:\Windows\system32\USER32.dll
0x00007ffb530e0000 - 0x00007ffb53274000 	C:\Windows\system32\ole32.dll
0x00007ffb51bb0000 - 0x00007ffb530db000 	C:\Windows\system32\SHELL32.dll
0x00007ffb507a0000 - 0x00007ffb507c1000 	C:\Windows\SYSTEM32\USERENV.dll
0x00007ffb53680000 - 0x00007ffb5372a000 	C:\Windows\system32\ADVAPI32.dll
0x00007ffb450f0000 - 0x00007ffb4510e000 	C:\Windows\SYSTEM32\MPR.dll
0x00007ffb53470000 - 0x00007ffb535b1000 	C:\Windows\system32\RPCRT4.dll
0x00007ffb51a90000 - 0x00007ffb51ae9000 	C:\Windows\SYSTEM32\sechost.dll
0x00007ffb516b0000 - 0x00007ffb518c1000 	C:\Windows\SYSTEM32\combase.dll
0x00007ffb53b30000 - 0x00007ffb53c7f000 	C:\Windows\system32\GDI32.dll
0x00007ffb51180000 - 0x00007ffb51195000 	C:\Windows\SYSTEM32\profapi.dll
0x00007ffb4f4d0000 - 0x00007ffb4f582000 	C:\Windows\SYSTEM32\SHCORE.dll
0x00007ffb51b10000 - 0x00007ffb51b46000 	C:\Windows\system32\IMM32.DLL
0x00007ffb51930000 - 0x00007ffb51a82000 	C:\Windows\system32\MSCTF.dll
0x00007ffb4e650000 - 0x00007ffb4e8cb000 	C:\Windows\WinSxS\amd64_microsoft.windows.common-controls_6595b64144ccf1df_6.0.9600.18006_none_623f33d3ecbe86e8\COMCTL32.dll
0x000000006e820000 - 0x000000006e8f2000 	C:\Program Files\Java\jdk1.8.0_65\jre\bin\msvcr100.dll
0x000000006d1c0000 - 0x000000006da49000 	C:\Program Files\Java\jdk1.8.0_65\jre\bin\server\jvm.dll
0x00007ffb47cc0000 - 0x00007ffb47cc9000 	C:\Windows\SYSTEM32\WSOCK32.dll
0x00007ffb49f20000 - 0x00007ffb49f42000 	C:\Windows\SYSTEM32\WINMM.dll
0x00007ffb47cb0000 - 0x00007ffb47cba000 	C:\Windows\SYSTEM32\VERSION.dll
0x00007ffb54020000 - 0x00007ffb54027000 	C:\Windows\system32\PSAPI.DLL
0x00007ffb518d0000 - 0x00007ffb5192a000 	C:\Windows\system32\WS2_32.dll
0x00007ffb49db0000 - 0x00007ffb49dda000 	C:\Windows\SYSTEM32\WINMMBASE.dll
0x00007ffb53c80000 - 0x00007ffb53c89000 	C:\Windows\system32\NSI.dll
0x00007ffb51250000 - 0x00007ffb5129f000 	C:\Windows\SYSTEM32\cfgmgr32.dll
0x00007ffb4ff80000 - 0x00007ffb4ffa8000 	C:\Windows\SYSTEM32\DEVOBJ.dll
0x000000006ecf0000 - 0x000000006ecff000 	C:\Program Files\Java\jdk1.8.0_65\jre\bin\verify.dll
0x000000006ec60000 - 0x000000006ec89000 	C:\Program Files\Java\jdk1.8.0_65\jre\bin\java.dll
0x000000006ec40000 - 0x000000006ec56000 	C:\Program Files\Java\jdk1.8.0_65\jre\bin\zip.dll

VM Arguments:
jvm_args: -Xmx1024M -Dfile.encoding=x-windows-949 -Duser.country=KR -Duser.language=ko -Duser.variant 
java_command: com.android.dx.command.Main --dex --num-threads=4 --output C:\Users\Public\Downloads\mobile2\FinalProject\app\build\intermediates\pre-dexed\debug\classes-875254efdadb7fc883d50633925660648d9d7efb.jar C:\Users\Public\Downloads\mobile2\FinalProject\app\build\intermediates\exploded-aar\com.google.android.gms\play-services-wearable\8.1.0\jars\classes.jar
java_class_path (initial): C:\Users\Public\Downloads\build-tools\23.0.2\lib\dx.jar
Launcher Type: SUN_STANDARD

Environment Variables:
JAVA_HOME=C:\Program Files (x86)\Java\jdk1.8.0_51
CLASSPATH=.;C:\Program Files (x86)\Java\jdk1.8.0_51\bin;
PATH=C:\ProgramData\Oracle\Java\javapath;C:\Program Files\Intel\WiFi\bin\;C:\Program Files\Common Files\Intel\WirelessCommon\;C:\Program Files (x86)\Java\jdk1.8.0_51\bin;C:\Program Files\Microsoft\Web Platform Installer\;C:\Program Files (x86)\Windows Kits\8.1\Windows Performance Toolkit\C:\Windows\system32;C:\Windows;C:\Users\Çý·É\AppData\Local\Programs\Git\cmd;C:\Users\Çý·É\AppData\Local\Programs\Git\mingw64\bin;C:\Users\Çý·É\AppData\Local\Programs\Git\usr\bin;C:\Users\Çý·É\Desktop\ALSee\x64
USERNAME=Çý·É
OS=Windows_NT
PROCESSOR_IDENTIFIER=Intel64 Family 6 Model 61 Stepping 4, GenuineIntel



---------------  S Y S T E M  ---------------

OS: Windows 8.1 , 64 bit Build 9600 (6.3.9600.17415)

CPU:total 4 (2 cores per cpu, 2 threads per core) family 6 model 61 stepping 4, cmov, cx8, fxsr, mmx, sse, sse2, sse3, ssse3, sse4.1, sse4.2, popcnt, avx, avx2, aes, clmul, erms, 3dnowpref, lzcnt, ht, tsc, tscinvbit, bmi1, bmi2, adx

Memory: 4k page, physical 4097964k(259028k free), swap 7243692k(4372k free)

vm_info: Java HotSpot(TM) 64-Bit Server VM (25.65-b01) for windows-amd64 JRE (1.8.0_65-b17), built on Oct  6 2015 16:39:20 by "java_re" with MS VC++ 10.0 (VS2010)

time: Fri Dec 18 18:14:36 2015
elapsed time: 13 seconds (0d 0h 0m 13s)

